# JRE version: OpenJDK Runtime Environment Temurin-21.0.6+7 (21.0.6+7) (build 21.0.6+7-LTS)
# Java VM: OpenJDK 64-Bit Server VM Temurin-21.0.6+7 (21.0.6+7-LTS, mixed mode, sharing, tiered, compressed oops, compressed class ptrs, parallel gc, windows-amd64)
GC Precious Log:
 CardTable entry size: 512
 CPUs: 8 total, 8 available
 Memory: 3784M
 Large Page Support: Disabled
 NUMA Support: Disabled
 Compressed Oops: Enabled (32-bit)
 Alignments: Space 512K, Generation 512K, Heap 2M
 Heap Min Capacity: 100M
 Heap Initial Capacity: 100M
 Heap Max Capacity: 1G
 Pre-touch: Disabled
 Parallel Workers: 8
Heap:
 PSYoungGen      total 23552K, used 1237K [0x00000000eab00000, 0x00000000ec600000, 0x0000000100000000)
  eden space 22016K, 0% used [0x00000000eab00000,0x00000000eab00000,0x00000000ec080000)
  from space 1536K, 80% used [0x00000000ec300000,0x00000000ec435410,0x00000000ec480000)
  to   space 1536K, 0% used [0x00000000ec480000,0x00000000ec480000,0x00000000ec600000)
 ParOldGen       total 68608K, used 17992K [0x00000000c0000000, 0x00000000c4300000, 0x00000000eab00000)
  object space 68608K, 26% used [0x00000000c0000000,0x00000000c11923d0,0x00000000c4300000)
 Metaspace       used 34783K, committed 35840K, reserved 1114112K
  class space    used 3507K, committed 3968K, reserved 1048576K
GC Heap History (20 events):
Event: 12.006 GC heap before
{Heap before GC invocations=4 (full 0):
 PSYoungGen      total 29696K, used 29672K [0x00000000eab00000, 0x00000000ecc00000, 0x0000000100000000)
  eden space 25600K, 100% used [0x00000000eab00000,0x00000000ec400000,0x00000000ec400000)
  from space 4096K, 99% used [0x00000000ec400000,0x00000000ec7fa180,0x00000000ec800000)
  to   space 4096K, 0% used [0x00000000ec800000,0x00000000ec800000,0x00000000ecc00000)
 ParOldGen       total 68608K, used 5791K [0x00000000c0000000, 0x00000000c4300000, 0x00000000eab00000)
  object space 68608K, 8% used [0x00000000c0000000,0x00000000c05a7e28,0x00000000c4300000)
 Metaspace       used 12312K, committed 12800K, reserved 1114112K
  class space    used 1230K, committed 1472K, reserved 1048576K
}
Event: 12.011 GC heap after
{Heap after GC invocations=4 (full 0):
 PSYoungGen      total 29696K, used 4081K [0x00000000eab00000, 0x00000000ecc00000, 0x0000000100000000)
  eden space 25600K, 0% used [0x00000000eab00000,0x00000000eab00000,0x00000000ec400000)
  from space 4096K, 99% used [0x00000000ec800000,0x00000000ecbfc7b8,0x00000000ecc00000)
  to   space 4096K, 0% used [0x00000000ec400000,0x00000000ec400000,0x00000000ec800000)
 ParOldGen       total 68608K, used 6643K [0x00000000c0000000, 0x00000000c4300000, 0x00000000eab00000)
  object space 68608K, 9% used [0x00000000c0000000,0x00000000c067cde0,0x00000000c4300000)
 Metaspace       used 12312K, committed 12800K, reserved 1114112K
  class space    used 1230K, committed 1472K, reserved 1048576K
}
Event: 12.719 GC heap before
{Heap before GC invocations=5 (full 0):
 PSYoungGen      total 29696K, used 29681K [0x00000000eab00000, 0x00000000ecc00000, 0x0000000100000000)
  eden space 25600K, 100% used [0x00000000eab00000,0x00000000ec400000,0x00000000ec400000)
  from space 4096K, 99% used [0x00000000ec800000,0x00000000ecbfc7b8,0x00000000ecc00000)
  to   space 4096K, 0% used [0x00000000ec400000,0x00000000ec400000,0x00000000ec800000)
 ParOldGen       total 68608K, used 6643K [0x00000000c0000000, 0x00000000c4300000, 0x00000000eab00000)
  object space 68608K, 9% used [0x00000000c0000000,0x00000000c067cde0,0x00000000c4300000)
 Metaspace       used 16231K, committed 16832K, reserved 1114112K
  class space    used 1599K, committed 1856K, reserved 1048576K
}
Event: 12.724 GC heap after
{Heap after GC invocations=5 (full 0):
 PSYoungGen      total 29184K, used 4068K [0x00000000eab00000, 0x00000000ecf80000, 0x0000000100000000)
  eden space 25088K, 0% used [0x00000000eab00000,0x00000000eab00000,0x00000000ec380000)
  from space 4096K, 99% used [0x00000000ec400000,0x00000000ec7f91c8,0x00000000ec800000)
  to   space 6144K, 0% used [0x00000000ec980000,0x00000000ec980000,0x00000000ecf80000)
 ParOldGen       total 68608K, used 8105K [0x00000000c0000000, 0x00000000c4300000, 0x00000000eab00000)
  object space 68608K, 11% used [0x00000000c0000000,0x00000000c07ea430,0x00000000c4300000)
 Metaspace       used 16231K, committed 16832K, reserved 1114112K
  class space    used 1599K, committed 1856K, reserved 1048576K
}
Event: 14.957 GC heap before
{Heap before GC invocations=6 (full 0):
 PSYoungGen      total 29184K, used 29071K [0x00000000eab00000, 0x00000000ecf80000, 0x0000000100000000)
  eden space 25088K, 99% used [0x00000000eab00000,0x00000000ec36aa78,0x00000000ec380000)
  from space 4096K, 99% used [0x00000000ec400000,0x00000000ec7f91c8,0x00000000ec800000)
  to   space 6144K, 0% used [0x00000000ec980000,0x00000000ec980000,0x00000000ecf80000)
 ParOldGen       total 68608K, used 8105K [0x00000000c0000000, 0x00000000c4300000, 0x00000000eab00000)
  object space 68608K, 11% used [0x00000000c0000000,0x00000000c07ea430,0x00000000c4300000)
 Metaspace       used 18865K, committed 19712K, reserved 1114112K
  class space    used 1902K, committed 2240K, reserved 1048576K
}
Event: 14.962 GC heap after
{Heap after GC invocations=6 (full 0):
 PSYoungGen      total 29696K, used 5109K [0x00000000eab00000, 0x00000000ece80000, 0x0000000100000000)
  eden space 24576K, 0% used [0x00000000eab00000,0x00000000eab00000,0x00000000ec300000)
  from space 5120K, 99% used [0x00000000ec980000,0x00000000ece7d560,0x00000000ece80000)
  to   space 5632K, 0% used [0x00000000ec380000,0x00000000ec380000,0x00000000ec900000)
 ParOldGen       total 68608K, used 8113K [0x00000000c0000000, 0x00000000c4300000, 0x00000000eab00000)
  object space 68608K, 11% used [0x00000000c0000000,0x00000000c07ec430,0x00000000c4300000)
 Metaspace       used 18865K, committed 19712K, reserved 1114112K
  class space    used 1902K, committed 2240K, reserved 1048576K
}
Event: 15.246 GC heap before
{Heap before GC invocations=7 (full 0):
 PSYoungGen      total 29696K, used 21230K [0x00000000eab00000, 0x00000000ece80000, 0x0000000100000000)
  eden space 24576K, 65% used [0x00000000eab00000,0x00000000ebabe358,0x00000000ec300000)
  from space 5120K, 99% used [0x00000000ec980000,0x00000000ece7d560,0x00000000ece80000)
  to   space 5632K, 0% used [0x00000000ec380000,0x00000000ec380000,0x00000000ec900000)
 ParOldGen       total 68608K, used 8113K [0x00000000c0000000, 0x00000000c4300000, 0x00000000eab00000)
  object space 68608K, 11% used [0x00000000c0000000,0x00000000c07ec430,0x00000000c4300000)
 Metaspace       used 20739K, committed 21504K, reserved 1114112K
  class space    used 2096K, committed 2432K, reserved 1048576K
}
Event: 15.256 GC heap after
{Heap after GC invocations=7 (full 0):
 PSYoungGen      total 29184K, used 4574K [0x00000000eab00000, 0x00000000ecd00000, 0x0000000100000000)
  eden space 24576K, 0% used [0x00000000eab00000,0x00000000eab00000,0x00000000ec300000)
  from space 4608K, 99% used [0x00000000ec380000,0x00000000ec7f7960,0x00000000ec800000)
  to   space 5120K, 0% used [0x00000000ec800000,0x00000000ec800000,0x00000000ecd00000)
 ParOldGen       total 68608K, used 9391K [0x00000000c0000000, 0x00000000c4300000, 0x00000000eab00000)
  object space 68608K, 13% used [0x00000000c0000000,0x00000000c092bd98,0x00000000c4300000)
 Metaspace       used 20739K, committed 21504K, reserved 1114112K
  class space    used 2096K, committed 2432K, reserved 1048576K
}
Event: 15.256 GC heap before
{Heap before GC invocations=8 (full 1):
 PSYoungGen      total 29184K, used 4574K [0x00000000eab00000, 0x00000000ecd00000, 0x0000000100000000)
  eden space 24576K, 0% used [0x00000000eab00000,0x00000000eab00000,0x00000000ec300000)
  from space 4608K, 99% used [0x00000000ec380000,0x00000000ec7f7960,0x00000000ec800000)
  to   space 5120K, 0% used [0x00000000ec800000,0x00000000ec800000,0x00000000ecd00000)
 ParOldGen       total 68608K, used 9391K [0x00000000c0000000, 0x00000000c4300000, 0x00000000eab00000)
  object space 68608K, 13% used [0x00000000c0000000,0x00000000c092bd98,0x00000000c4300000)
 Metaspace       used 20739K, committed 21504K, reserved 1114112K
  class space    used 2096K, committed 2432K, reserved 1048576K
}
Event: 15.303 GC heap after
{Heap after GC invocations=8 (full 1):
 PSYoungGen      total 29184K, used 0K [0x00000000eab00000, 0x00000000ecd00000, 0x0000000100000000)
  eden space 24576K, 0% used [0x00000000eab00000,0x00000000eab00000,0x00000000ec300000)
  from space 4608K, 0% used [0x00000000ec380000,0x00000000ec380000,0x00000000ec800000)
  to   space 5120K, 0% used [0x00000000ec800000,0x00000000ec800000,0x00000000ecd00000)
 ParOldGen       total 68608K, used 13161K [0x00000000c0000000, 0x00000000c4300000, 0x00000000eab00000)
  object space 68608K, 19% used [0x00000000c0000000,0x00000000c0cda698,0x00000000c4300000)
 Metaspace       used 20726K, committed 21504K, reserved 1114112K
  class space    used 2093K, committed 2432K, reserved 1048576K
}
Event: 15.582 GC heap before
{Heap before GC invocations=9 (full 1):
 PSYoungGen      total 29184K, used 24576K [0x00000000eab00000, 0x00000000ecd00000, 0x0000000100000000)
  eden space 24576K, 100% used [0x00000000eab00000,0x00000000ec300000,0x00000000ec300000)
  from space 4608K, 0% used [0x00000000ec380000,0x00000000ec380000,0x00000000ec800000)
  to   space 5120K, 0% used [0x00000000ec800000,0x00000000ec800000,0x00000000ecd00000)
 ParOldGen       total 68608K, used 13161K [0x00000000c0000000, 0x00000000c4300000, 0x00000000eab00000)
  object space 68608K, 19% used [0x00000000c0000000,0x00000000c0cda698,0x00000000c4300000)
 Metaspace       used 23310K, committed 24064K, reserved 1114112K
  class space    used 2253K, committed 2560K, reserved 1048576K
}
Event: 15.584 GC heap after
{Heap after GC invocations=9 (full 1):
 PSYoungGen      total 24576K, used 322K [0x00000000eab00000, 0x00000000ec880000, 0x0000000100000000)
  eden space 24064K, 0% used [0x00000000eab00000,0x00000000eab00000,0x00000000ec280000)
  from space 512K, 63% used [0x00000000ec800000,0x00000000ec850a70,0x00000000ec880000)
  to   space 2048K, 0% used [0x00000000ec480000,0x00000000ec480000,0x00000000ec680000)
 ParOldGen       total 68608K, used 13161K [0x00000000c0000000, 0x00000000c4300000, 0x00000000eab00000)
  object space 68608K, 19% used [0x00000000c0000000,0x00000000c0cda698,0x00000000c4300000)
 Metaspace       used 23310K, committed 24064K, reserved 1114112K
  class space    used 2253K, committed 2560K, reserved 1048576K
}
Event: 15.814 GC heap before
{Heap before GC invocations=10 (full 1):
 PSYoungGen      total 24576K, used 24386K [0x00000000eab00000, 0x00000000ec880000, 0x0000000100000000)
  eden space 24064K, 100% used [0x00000000eab00000,0x00000000ec280000,0x00000000ec280000)
  from space 512K, 63% used [0x00000000ec800000,0x00000000ec850a70,0x00000000ec880000)
  to   space 2048K, 0% used [0x00000000ec480000,0x00000000ec480000,0x00000000ec680000)
 ParOldGen       total 68608K, used 13161K [0x00000000c0000000, 0x00000000c4300000, 0x00000000eab00000)
  object space 68608K, 19% used [0x00000000c0000000,0x00000000c0cda698,0x00000000c4300000)
 Metaspace       used 26073K, committed 26880K, reserved 1114112K
  class space    used 2470K, committed 2816K, reserved 1048576K
}
Event: 15.818 GC heap after
{Heap after GC invocations=10 (full 1):
 PSYoungGen      total 25600K, used 1435K [0x00000000eab00000, 0x00000000ec880000, 0x0000000100000000)
  eden space 23552K, 0% used [0x00000000eab00000,0x00000000eab00000,0x00000000ec200000)
  from space 2048K, 70% used [0x00000000ec480000,0x00000000ec5e6da0,0x00000000ec680000)
  to   space 2048K, 0% used [0x00000000ec680000,0x00000000ec680000,0x00000000ec880000)
 ParOldGen       total 68608K, used 13942K [0x00000000c0000000, 0x00000000c4300000, 0x00000000eab00000)
  object space 68608K, 20% used [0x00000000c0000000,0x00000000c0d9dba8,0x00000000c4300000)
 Metaspace       used 26073K, committed 26880K, reserved 1114112K
  class space    used 2470K, committed 2816K, reserved 1048576K
}
Event: 16.363 GC heap before
{Heap before GC invocations=11 (full 1):
 PSYoungGen      total 25600K, used 24972K [0x00000000eab00000, 0x00000000ec880000, 0x0000000100000000)
  eden space 23552K, 99% used [0x00000000eab00000,0x00000000ec1fc598,0x00000000ec200000)
  from space 2048K, 70% used [0x00000000ec480000,0x00000000ec5e6da0,0x00000000ec680000)
  to   space 2048K, 0% used [0x00000000ec680000,0x00000000ec680000,0x00000000ec880000)
 ParOldGen       total 68608K, used 13942K [0x00000000c0000000, 0x00000000c4300000, 0x00000000eab00000)
  object space 68608K, 20% used [0x00000000c0000000,0x00000000c0d9dba8,0x00000000c4300000)
 Metaspace       used 28494K, committed 29376K, reserved 1114112K
  class space    used 2675K, committed 3008K, reserved 1048576K
}
Event: 16.367 GC heap after
{Heap after GC invocations=11 (full 1):
 PSYoungGen      total 25088K, used 2043K [0x00000000eab00000, 0x00000000ec880000, 0x0000000100000000)
  eden space 23040K, 0% used [0x00000000eab00000,0x00000000eab00000,0x00000000ec180000)
  from space 2048K, 99% used [0x00000000ec680000,0x00000000ec87ece0,0x00000000ec880000)
  to   space 2560K, 0% used [0x00000000ec380000,0x00000000ec380000,0x00000000ec600000)
 ParOldGen       total 68608K, used 14211K [0x00000000c0000000, 0x00000000c4300000, 0x00000000eab00000)
  object space 68608K, 20% used [0x00000000c0000000,0x00000000c0de0c90,0x00000000c4300000)
 Metaspace       used 28494K, committed 29376K, reserved 1114112K
  class space    used 2675K, committed 3008K, reserved 1048576K
}
Event: 16.936 GC heap before
{Heap before GC invocations=12 (full 1):
 PSYoungGen      total 25088K, used 25081K [0x00000000eab00000, 0x00000000ec880000, 0x0000000100000000)
  eden space 23040K, 99% used [0x00000000eab00000,0x00000000ec17f930,0x00000000ec180000)
  from space 2048K, 99% used [0x00000000ec680000,0x00000000ec87ece0,0x00000000ec880000)
  to   space 2560K, 0% used [0x00000000ec380000,0x00000000ec380000,0x00000000ec600000)
 ParOldGen       total 68608K, used 14211K [0x00000000c0000000, 0x00000000c4300000, 0x00000000eab00000)
  object space 68608K, 20% used [0x00000000c0000000,0x00000000c0de0c90,0x00000000c4300000)
 Metaspace       used 31749K, committed 32640K, reserved 1114112K
  class space    used 3123K, committed 3456K, reserved 1048576K
}
Event: 16.941 GC heap after
{Heap after GC invocations=12 (full 1):
 PSYoungGen      total 23552K, used 1005K [0x00000000eab00000, 0x00000000ec700000, 0x0000000100000000)
  eden space 22528K, 0% used [0x00000000eab00000,0x00000000eab00000,0x00000000ec100000)
  from space 1024K, 98% used [0x00000000ec380000,0x00000000ec47b520,0x00000000ec480000)
  to   space 1536K, 0% used [0x00000000ec580000,0x00000000ec580000,0x00000000ec700000)
 ParOldGen       total 68608K, used 16195K [0x00000000c0000000, 0x00000000c4300000, 0x00000000eab00000)
  object space 68608K, 23% used [0x00000000c0000000,0x00000000c0fd0f38,0x00000000c4300000)
 Metaspace       used 31749K, committed 32640K, reserved 1114112K
  class space    used 3123K, committed 3456K, reserved 1048576K
}
Event: 17.261 GC heap before
{Heap before GC invocations=13 (full 1):
 PSYoungGen      total 23552K, used 23504K [0x00000000eab00000, 0x00000000ec700000, 0x0000000100000000)
  eden space 22528K, 99% used [0x00000000eab00000,0x00000000ec0f8c08,0x00000000ec100000)
  from space 1024K, 98% used [0x00000000ec380000,0x00000000ec47b520,0x00000000ec480000)
  to   space 1536K, 0% used [0x00000000ec580000,0x00000000ec580000,0x00000000ec700000)
 ParOldGen       total 68608K, used 16195K [0x00000000c0000000, 0x00000000c4300000, 0x00000000eab00000)
  object space 68608K, 23% used [0x00000000c0000000,0x00000000c0fd0f38,0x00000000c4300000)
 Metaspace       used 34435K, committed 35520K, reserved 1114112K
  class space    used 3464K, committed 3904K, reserved 1048576K
}
Event: 17.265 GC heap after
{Heap after GC invocations=13 (full 1):
 PSYoungGen      total 23552K, used 1480K [0x00000000eab00000, 0x00000000ec700000, 0x0000000100000000)
  eden space 22016K, 0% used [0x00000000eab00000,0x00000000eab00000,0x00000000ec080000)
  from space 1536K, 96% used [0x00000000ec580000,0x00000000ec6f2120,0x00000000ec700000)
  to   space 2048K, 0% used [0x00000000ec300000,0x00000000ec300000,0x00000000ec500000)
 ParOldGen       total 68608K, used 16996K [0x00000000c0000000, 0x00000000c4300000, 0x00000000eab00000)
  object space 68608K, 24% used [0x00000000c0000000,0x00000000c1099310,0x00000000c4300000)
 Metaspace       used 34435K, committed 35520K, reserved 1114112K
  class space    used 3464K, committed 3904K, reserved 1048576K
}

