# JRE version: OpenJDK Runtime Environment Temurin-21.0.6+7 (21.0.6+7) (build 21.0.6+7-LTS)
# Java VM: OpenJDK 64-Bit Server VM Temurin-21.0.6+7 (21.0.6+7-LTS, mixed mode, sharing, tiered, compressed oops, compressed class ptrs, parallel gc, windows-amd64)
GC Precious Log:
 CardTable entry size: 512
 CPUs: 8 total, 8 available
 Memory: 3784M
 Large Page Support: Disabled
 NUMA Support: Disabled
 Compressed Oops: Enabled (32-bit)
 Alignments: Space 512K, Generation 512K, Heap 2M
 Heap Min Capacity: 100M
 Heap Initial Capacity: 100M
 Heap Max Capacity: 1G
 Pre-touch: Disabled
 Parallel Workers: 8
Heap:
 PSYoungGen      total 20480K, used 9111K [0x00000000eab00000, 0x00000000ec200000, 0x0000000100000000)
  eden space 17920K, 37% used [0x00000000eab00000,0x00000000eb1934f0,0x00000000ebc80000)
  from space 2560K, 92% used [0x00000000ebf80000,0x00000000ec1d2a70,0x00000000ec200000)
  to   space 2560K, 0% used [0x00000000ebd00000,0x00000000ebd00000,0x00000000ebf80000)
 ParOldGen       total 68608K, used 48764K [0x00000000c0000000, 0x00000000c4300000, 0x00000000eab00000)
  object space 68608K, 71% used [0x00000000c0000000,0x00000000c2f9f3c0,0x00000000c4300000)
 Metaspace       used 49429K, committed 50496K, reserved 1114112K
  class space    used 5229K, committed 5696K, reserved 1048576K
GC Heap History (20 events):
Event: 9.900 GC heap before
{Heap before GC invocations=23 (full 2):
 PSYoungGen      total 24576K, used 23992K [0x00000000eab00000, 0x00000000ec580000, 0x0000000100000000)
  eden space 22016K, 100% used [0x00000000eab00000,0x00000000ec080000,0x00000000ec080000)
  from space 2560K, 77% used [0x00000000ec300000,0x00000000ec4ee210,0x00000000ec580000)
  to   space 2560K, 0% used [0x00000000ec080000,0x00000000ec080000,0x00000000ec300000)
 ParOldGen       total 68608K, used 25613K [0x00000000c0000000, 0x00000000c4300000, 0x00000000eab00000)
  object space 68608K, 37% used [0x00000000c0000000,0x00000000c1903450,0x00000000c4300000)
 Metaspace       used 46453K, committed 47616K, reserved 1114112K
  class space    used 4945K, committed 5440K, reserved 1048576K
}
Event: 10.987 GC heap after
{Heap after GC invocations=23 (full 2):
 PSYoungGen      total 24576K, used 2544K [0x00000000eab00000, 0x00000000ec580000, 0x0000000100000000)
  eden space 22016K, 0% used [0x00000000eab00000,0x00000000eab00000,0x00000000ec080000)
  from space 2560K, 99% used [0x00000000ec080000,0x00000000ec2fc158,0x00000000ec300000)
  to   space 2560K, 0% used [0x00000000ec300000,0x00000000ec300000,0x00000000ec580000)
 ParOldGen       total 68608K, used 27442K [0x00000000c0000000, 0x00000000c4300000, 0x00000000eab00000)
  object space 68608K, 39% used [0x00000000c0000000,0x00000000c1accbd8,0x00000000c4300000)
 Metaspace       used 46453K, committed 47616K, reserved 1114112K
  class space    used 4945K, committed 5440K, reserved 1048576K
}
Event: 11.067 GC heap before
{Heap before GC invocations=24 (full 2):
 PSYoungGen      total 24576K, used 24560K [0x00000000eab00000, 0x00000000ec580000, 0x0000000100000000)
  eden space 22016K, 100% used [0x00000000eab00000,0x00000000ec080000,0x00000000ec080000)
  from space 2560K, 99% used [0x00000000ec080000,0x00000000ec2fc158,0x00000000ec300000)
  to   space 2560K, 0% used [0x00000000ec300000,0x00000000ec300000,0x00000000ec580000)
 ParOldGen       total 68608K, used 27442K [0x00000000c0000000, 0x00000000c4300000, 0x00000000eab00000)
  object space 68608K, 39% used [0x00000000c0000000,0x00000000c1accbd8,0x00000000c4300000)
 Metaspace       used 46509K, committed 47616K, reserved 1114112K
  class space    used 4945K, committed 5440K, reserved 1048576K
}
Event: 11.072 GC heap after
{Heap after GC invocations=24 (full 2):
 PSYoungGen      total 23552K, used 2368K [0x00000000eab00000, 0x00000000ec780000, 0x0000000100000000)
  eden space 20992K, 0% used [0x00000000eab00000,0x00000000eab00000,0x00000000ebf80000)
  from space 2560K, 92% used [0x00000000ec300000,0x00000000ec550000,0x00000000ec580000)
  to   space 3584K, 0% used [0x00000000ebf80000,0x00000000ebf80000,0x00000000ec300000)
 ParOldGen       total 68608K, used 29935K [0x00000000c0000000, 0x00000000c4300000, 0x00000000eab00000)
  object space 68608K, 43% used [0x00000000c0000000,0x00000000c1d3bef8,0x00000000c4300000)
 Metaspace       used 46509K, committed 47616K, reserved 1114112K
  class space    used 4945K, committed 5440K, reserved 1048576K
}
Event: 11.125 GC heap before
{Heap before GC invocations=25 (full 2):
 PSYoungGen      total 23552K, used 23360K [0x00000000eab00000, 0x00000000ec780000, 0x0000000100000000)
  eden space 20992K, 100% used [0x00000000eab00000,0x00000000ebf80000,0x00000000ebf80000)
  from space 2560K, 92% used [0x00000000ec300000,0x00000000ec550000,0x00000000ec580000)
  to   space 3584K, 0% used [0x00000000ebf80000,0x00000000ebf80000,0x00000000ec300000)
 ParOldGen       total 68608K, used 29935K [0x00000000c0000000, 0x00000000c4300000, 0x00000000eab00000)
  object space 68608K, 43% used [0x00000000c0000000,0x00000000c1d3bef8,0x00000000c4300000)
 Metaspace       used 46549K, committed 47680K, reserved 1114112K
  class space    used 4945K, committed 5440K, reserved 1048576K
}
Event: 11.129 GC heap after
{Heap after GC invocations=25 (full 2):
 PSYoungGen      total 23552K, used 2170K [0x00000000eab00000, 0x00000000ec480000, 0x0000000100000000)
  eden space 20992K, 0% used [0x00000000eab00000,0x00000000eab00000,0x00000000ebf80000)
  from space 2560K, 84% used [0x00000000ebf80000,0x00000000ec19e808,0x00000000ec200000)
  to   space 2560K, 0% used [0x00000000ec200000,0x00000000ec200000,0x00000000ec480000)
 ParOldGen       total 68608K, used 32160K [0x00000000c0000000, 0x00000000c4300000, 0x00000000eab00000)
  object space 68608K, 46% used [0x00000000c0000000,0x00000000c1f680d0,0x00000000c4300000)
 Metaspace       used 46549K, committed 47680K, reserved 1114112K
  class space    used 4945K, committed 5440K, reserved 1048576K
}
Event: 11.220 GC heap before
{Heap before GC invocations=26 (full 2):
 PSYoungGen      total 23552K, used 23162K [0x00000000eab00000, 0x00000000ec480000, 0x0000000100000000)
  eden space 20992K, 100% used [0x00000000eab00000,0x00000000ebf80000,0x00000000ebf80000)
  from space 2560K, 84% used [0x00000000ebf80000,0x00000000ec19e808,0x00000000ec200000)
  to   space 2560K, 0% used [0x00000000ec200000,0x00000000ec200000,0x00000000ec480000)
 ParOldGen       total 68608K, used 32160K [0x00000000c0000000, 0x00000000c4300000, 0x00000000eab00000)
  object space 68608K, 46% used [0x00000000c0000000,0x00000000c1f680d0,0x00000000c4300000)
 Metaspace       used 46590K, committed 47680K, reserved 1114112K
  class space    used 4945K, committed 5440K, reserved 1048576K
}
Event: 11.226 GC heap after
{Heap after GC invocations=26 (full 2):
 PSYoungGen      total 23552K, used 2323K [0x00000000eab00000, 0x00000000ec480000, 0x0000000100000000)
  eden space 20992K, 0% used [0x00000000eab00000,0x00000000eab00000,0x00000000ebf80000)
  from space 2560K, 90% used [0x00000000ec200000,0x00000000ec444c08,0x00000000ec480000)
  to   space 2560K, 0% used [0x00000000ebf80000,0x00000000ebf80000,0x00000000ec200000)
 ParOldGen       total 68608K, used 34216K [0x00000000c0000000, 0x00000000c4300000, 0x00000000eab00000)
  object space 68608K, 49% used [0x00000000c0000000,0x00000000c216a128,0x00000000c4300000)
 Metaspace       used 46590K, committed 47680K, reserved 1114112K
  class space    used 4945K, committed 5440K, reserved 1048576K
}
Event: 11.493 GC heap before
{Heap before GC invocations=27 (full 2):
 PSYoungGen      total 23552K, used 23315K [0x00000000eab00000, 0x00000000ec480000, 0x0000000100000000)
  eden space 20992K, 100% used [0x00000000eab00000,0x00000000ebf80000,0x00000000ebf80000)
  from space 2560K, 90% used [0x00000000ec200000,0x00000000ec444c08,0x00000000ec480000)
  to   space 2560K, 0% used [0x00000000ebf80000,0x00000000ebf80000,0x00000000ec200000)
 ParOldGen       total 68608K, used 34216K [0x00000000c0000000, 0x00000000c4300000, 0x00000000eab00000)
  object space 68608K, 49% used [0x00000000c0000000,0x00000000c216a128,0x00000000c4300000)
 Metaspace       used 46651K, committed 47808K, reserved 1114112K
  class space    used 4945K, committed 5440K, reserved 1048576K
}
Event: 11.501 GC heap after
{Heap after GC invocations=27 (full 2):
 PSYoungGen      total 23552K, used 2163K [0x00000000eab00000, 0x00000000ec480000, 0x0000000100000000)
  eden space 20992K, 0% used [0x00000000eab00000,0x00000000eab00000,0x00000000ebf80000)
  from space 2560K, 84% used [0x00000000ebf80000,0x00000000ec19cf70,0x00000000ec200000)
  to   space 2560K, 0% used [0x00000000ec200000,0x00000000ec200000,0x00000000ec480000)
 ParOldGen       total 68608K, used 36459K [0x00000000c0000000, 0x00000000c4300000, 0x00000000eab00000)
  object space 68608K, 53% used [0x00000000c0000000,0x00000000c239af28,0x00000000c4300000)
 Metaspace       used 46651K, committed 47808K, reserved 1114112K
  class space    used 4945K, committed 5440K, reserved 1048576K
}
Event: 11.592 GC heap before
{Heap before GC invocations=28 (full 2):
 PSYoungGen      total 23552K, used 23155K [0x00000000eab00000, 0x00000000ec480000, 0x0000000100000000)
  eden space 20992K, 100% used [0x00000000eab00000,0x00000000ebf80000,0x00000000ebf80000)
  from space 2560K, 84% used [0x00000000ebf80000,0x00000000ec19cf70,0x00000000ec200000)
  to   space 2560K, 0% used [0x00000000ec200000,0x00000000ec200000,0x00000000ec480000)
 ParOldGen       total 68608K, used 36459K [0x00000000c0000000, 0x00000000c4300000, 0x00000000eab00000)
  object space 68608K, 53% used [0x00000000c0000000,0x00000000c239af28,0x00000000c4300000)
 Metaspace       used 46717K, committed 47872K, reserved 1114112K
  class space    used 4951K, committed 5440K, reserved 1048576K
}
Event: 11.598 GC heap after
{Heap after GC invocations=28 (full 2):
 PSYoungGen      total 20480K, used 2542K [0x00000000eab00000, 0x00000000eca80000, 0x0000000100000000)
  eden space 17920K, 0% used [0x00000000eab00000,0x00000000eab00000,0x00000000ebc80000)
  from space 2560K, 99% used [0x00000000ec200000,0x00000000ec47b848,0x00000000ec480000)
  to   space 5632K, 0% used [0x00000000ebc80000,0x00000000ebc80000,0x00000000ec200000)
 ParOldGen       total 68608K, used 38889K [0x00000000c0000000, 0x00000000c4300000, 0x00000000eab00000)
  object space 68608K, 56% used [0x00000000c0000000,0x00000000c25fa708,0x00000000c4300000)
 Metaspace       used 46717K, committed 47872K, reserved 1114112K
  class space    used 4951K, committed 5440K, reserved 1048576K
}
Event: 11.760 GC heap before
{Heap before GC invocations=29 (full 2):
 PSYoungGen      total 20480K, used 20462K [0x00000000eab00000, 0x00000000eca80000, 0x0000000100000000)
  eden space 17920K, 100% used [0x00000000eab00000,0x00000000ebc80000,0x00000000ebc80000)
  from space 2560K, 99% used [0x00000000ec200000,0x00000000ec47b848,0x00000000ec480000)
  to   space 5632K, 0% used [0x00000000ebc80000,0x00000000ebc80000,0x00000000ec200000)
 ParOldGen       total 68608K, used 38889K [0x00000000c0000000, 0x00000000c4300000, 0x00000000eab00000)
  object space 68608K, 56% used [0x00000000c0000000,0x00000000c25fa708,0x00000000c4300000)
 Metaspace       used 47330K, committed 48384K, reserved 1114112K
  class space    used 5007K, committed 5440K, reserved 1048576K
}
Event: 11.764 GC heap after
{Heap after GC invocations=29 (full 2):
 PSYoungGen      total 20992K, used 2599K [0x00000000eab00000, 0x00000000ec380000, 0x0000000100000000)
  eden space 17920K, 0% used [0x00000000eab00000,0x00000000eab00000,0x00000000ebc80000)
  from space 3072K, 84% used [0x00000000ebc80000,0x00000000ebf09d80,0x00000000ebf80000)
  to   space 3584K, 0% used [0x00000000ec000000,0x00000000ec000000,0x00000000ec380000)
 ParOldGen       total 68608K, used 41390K [0x00000000c0000000, 0x00000000c4300000, 0x00000000eab00000)
  object space 68608K, 60% used [0x00000000c0000000,0x00000000c286b840,0x00000000c4300000)
 Metaspace       used 47330K, committed 48384K, reserved 1114112K
  class space    used 5007K, committed 5440K, reserved 1048576K
}
Event: 11.906 GC heap before
{Heap before GC invocations=30 (full 2):
 PSYoungGen      total 20992K, used 20519K [0x00000000eab00000, 0x00000000ec380000, 0x0000000100000000)
  eden space 17920K, 100% used [0x00000000eab00000,0x00000000ebc80000,0x00000000ebc80000)
  from space 3072K, 84% used [0x00000000ebc80000,0x00000000ebf09d80,0x00000000ebf80000)
  to   space 3584K, 0% used [0x00000000ec000000,0x00000000ec000000,0x00000000ec380000)
 ParOldGen       total 68608K, used 41390K [0x00000000c0000000, 0x00000000c4300000, 0x00000000eab00000)
  object space 68608K, 60% used [0x00000000c0000000,0x00000000c286b840,0x00000000c4300000)
 Metaspace       used 47761K, committed 48832K, reserved 1114112K
  class space    used 5055K, committed 5504K, reserved 1048576K
}
Event: 11.911 GC heap after
{Heap after GC invocations=30 (full 2):
 PSYoungGen      total 20992K, used 2696K [0x00000000eab00000, 0x00000000ec300000, 0x0000000100000000)
  eden space 17920K, 0% used [0x00000000eab00000,0x00000000eab00000,0x00000000ebc80000)
  from space 3072K, 87% used [0x00000000ec000000,0x00000000ec2a2290,0x00000000ec300000)
  to   space 3072K, 0% used [0x00000000ebc80000,0x00000000ebc80000,0x00000000ebf80000)
 ParOldGen       total 68608K, used 43769K [0x00000000c0000000, 0x00000000c4300000, 0x00000000eab00000)
  object space 68608K, 63% used [0x00000000c0000000,0x00000000c2abe6b8,0x00000000c4300000)
 Metaspace       used 47761K, committed 48832K, reserved 1114112K
  class space    used 5055K, committed 5504K, reserved 1048576K
}
Event: 12.072 GC heap before
{Heap before GC invocations=31 (full 2):
 PSYoungGen      total 20992K, used 20616K [0x00000000eab00000, 0x00000000ec300000, 0x0000000100000000)
  eden space 17920K, 100% used [0x00000000eab00000,0x00000000ebc80000,0x00000000ebc80000)
  from space 3072K, 87% used [0x00000000ec000000,0x00000000ec2a2290,0x00000000ec300000)
  to   space 3072K, 0% used [0x00000000ebc80000,0x00000000ebc80000,0x00000000ebf80000)
 ParOldGen       total 68608K, used 43769K [0x00000000c0000000, 0x00000000c4300000, 0x00000000eab00000)
  object space 68608K, 63% used [0x00000000c0000000,0x00000000c2abe6b8,0x00000000c4300000)
 Metaspace       used 48588K, committed 49728K, reserved 1114112K
  class space    used 5132K, committed 5632K, reserved 1048576K
}
Event: 12.077 GC heap after
{Heap after GC invocations=31 (full 2):
 PSYoungGen      total 20992K, used 2541K [0x00000000eab00000, 0x00000000ec280000, 0x0000000100000000)
  eden space 17920K, 0% used [0x00000000eab00000,0x00000000eab00000,0x00000000ebc80000)
  from space 3072K, 82% used [0x00000000ebc80000,0x00000000ebefb6b0,0x00000000ebf80000)
  to   space 3072K, 0% used [0x00000000ebf80000,0x00000000ebf80000,0x00000000ec280000)
 ParOldGen       total 68608K, used 46375K [0x00000000c0000000, 0x00000000c4300000, 0x00000000eab00000)
  object space 68608K, 67% used [0x00000000c0000000,0x00000000c2d49f08,0x00000000c4300000)
 Metaspace       used 48588K, committed 49728K, reserved 1114112K
  class space    used 5132K, committed 5632K, reserved 1048576K
}
Event: 12.255 GC heap before
{Heap before GC invocations=32 (full 2):
 PSYoungGen      total 20992K, used 20461K [0x00000000eab00000, 0x00000000ec280000, 0x0000000100000000)
  eden space 17920K, 100% used [0x00000000eab00000,0x00000000ebc80000,0x00000000ebc80000)
  from space 3072K, 82% used [0x00000000ebc80000,0x00000000ebefb6b0,0x00000000ebf80000)
  to   space 3072K, 0% used [0x00000000ebf80000,0x00000000ebf80000,0x00000000ec280000)
 ParOldGen       total 68608K, used 46375K [0x00000000c0000000, 0x00000000c4300000, 0x00000000eab00000)
  object space 68608K, 67% used [0x00000000c0000000,0x00000000c2d49f08,0x00000000c4300000)
 Metaspace       used 49329K, committed 50432K, reserved 1114112K
  class space    used 5221K, committed 5696K, reserved 1048576K
}
Event: 12.259 GC heap after
{Heap after GC invocations=32 (full 2):
 PSYoungGen      total 20480K, used 2378K [0x00000000eab00000, 0x00000000ec200000, 0x0000000100000000)
  eden space 17920K, 0% used [0x00000000eab00000,0x00000000eab00000,0x00000000ebc80000)
  from space 2560K, 92% used [0x00000000ebf80000,0x00000000ec1d2a70,0x00000000ec200000)
  to   space 2560K, 0% used [0x00000000ebd00000,0x00000000ebd00000,0x00000000ebf80000)
 ParOldGen       total 68608K, used 48764K [0x00000000c0000000, 0x00000000c4300000, 0x00000000eab00000)
  object space 68608K, 71% used [0x00000000c0000000,0x00000000c2f9f3c0,0x00000000c4300000)
 Metaspace       used 49329K, committed 50432K, reserved 1114112K
  class space    used 5221K, committed 5696K, reserved 1048576K
}

